[2024-12-05T06:09:01.421Z INFO: Server running on http://localhost:5000]
[2024-12-05T06:09:03.062Z INFO: Server running on http://localhost:5000]
[2024-12-05T06:09:12.001Z INFO: Server running on http://localhost:5000]
[2024-12-05T06:09:15.580Z INFO: Server running on http://localhost:5000]
[2024-12-05T06:09:17.324Z INFO: Server running on http://localhost:5000]
[2024-12-05T06:09:21.657Z INFO: Server running on http://localhost:5000]
[2024-12-05T06:09:25.614Z INFO: Server running on http://localhost:5000]
[2024-12-05T06:09:27.556Z INFO: Server running on http://localhost:5000]
[2024-12-05T06:09:29.124Z INFO: Server running on http://localhost:5000]
[2024-12-05T06:09:42.464Z INFO: Server running on http://localhost:5000]
[2024-12-05T06:09:44.098Z INFO: Server running on http://localhost:5000]
[2024-12-05T06:09:48.802Z INFO: Server running on http://localhost:5000]
[2024-12-05T06:10:09.470Z INFO: Server running on http://localhost:5000]
[2024-12-05T06:10:44.484Z INFO: Server running on http://localhost:5000]
[2024-12-05T06:10:47.586Z INFO: Server running on http://localhost:5000]
[2024-12-05T06:11:12.026Z INFO: Server running on http://localhost:5000]
[2024-12-05T06:11:14.714Z INFO: Server running on http://localhost:5000]
[2024-12-05T06:11:29.579Z INFO: Server running on http://localhost:5000]
[2024-12-05T06:11:31.569Z INFO: Server running on http://localhost:5000]
[2024-12-05T06:11:37.594Z INFO: Server running on http://localhost:5000]
[2024-12-05T06:11:42.014Z INFO: Server running on http://localhost:5000]
[2024-12-05T06:11:45.614Z INFO: Server running on http://localhost:5000]
[2024-12-05T06:11:51.343Z INFO: Server running on http://localhost:5000]
[2024-12-05T06:11:57.269Z INFO: Server running on http://localhost:5000]
[2024-12-05T06:12:41.067Z INFO: Server running on http://localhost:5000]
[2024-12-05T06:12:43.722Z INFO: Server running on http://localhost:5000]
[2024-12-05T06:12:45.635Z INFO: Server running on http://localhost:5000]
[2024-12-05T06:17:04.177Z INFO: Server running on http://localhost:5000]
[2024-12-05T06:17:19.767Z INFO: Server running on http://localhost:5000]
[2024-12-05T06:17:23.387Z INFO: Server running on http://localhost:5000]
[2024-12-05T06:17:27.231Z INFO: Server running on http://localhost:5000]
[2024-12-05T06:17:37.726Z INFO: Server running on http://localhost:5000]
[2024-12-05T06:17:43.822Z INFO: Server running on http://localhost:5000]
[2024-12-05T06:17:46.925Z INFO: Server running on http://localhost:5000]
[2024-12-05T06:17:50.806Z INFO: Server running on http://localhost:5000]
[2024-12-05T06:17:52.310Z INFO: Server running on http://localhost:5000]
[2024-12-05T06:18:37.201Z INFO: Server running on http://localhost:5000]
[2024-12-05T06:18:45.506Z INFO: Server running on http://localhost:5000]
[2024-12-05T06:18:51.926Z INFO: Server running on http://localhost:5000]
[2024-12-05T06:18:54.606Z INFO: Server running on http://localhost:5000]
[2024-12-05T06:18:59.503Z INFO: Server running on http://localhost:5000]
[2024-12-05T06:19:04.189Z INFO: Server running on http://localhost:5000]
[2024-12-05T06:19:09.505Z INFO: Server running on http://localhost:5000]
[2024-12-05T06:19:41.204Z INFO: Server running on http://localhost:5000]
[2024-12-05T06:20:01.601Z INFO: Server running on http://localhost:5000]
[2024-12-05T06:20:06.793Z INFO: Server running on http://localhost:5000]
[2024-12-05T06:20:09.309Z INFO: Server running on http://localhost:5000]
[2024-12-05T06:20:12.180Z INFO: Server running on http://localhost:5000]
[2024-12-05T06:20:18.299Z INFO: Server running on http://localhost:5000]
[2024-12-05T06:20:24.003Z INFO: Server running on http://localhost:5000]
[2024-12-05T06:20:25.596Z INFO: Server running on http://localhost:5000]
[2024-12-05T06:20:31.684Z INFO: Server running on http://localhost:5000]
[2024-12-05T06:20:33.673Z INFO: Server running on http://localhost:5000]
[2024-12-05T06:20:40.136Z INFO: Server running on http://localhost:5000]
[2024-12-05T06:20:45.673Z INFO: Server running on http://localhost:5000]
[2024-12-05T06:20:55.885Z INFO: Server running on http://localhost:5000]
[2024-12-05T06:21:00.759Z INFO: Server running on http://localhost:5000]
[2024-12-05T06:21:02.005Z INFO: Server running on http://localhost:5000]
[2024-12-05T06:21:04.458Z INFO: Server running on http://localhost:5000]
[2024-12-05T06:21:09.535Z INFO: Server running on http://localhost:5000]
[2024-12-05T06:21:21.586Z INFO: Server running on http://localhost:5000]
[2024-12-05T06:21:29.477Z INFO: Server running on http://localhost:5000]
[2024-12-05T06:21:32.305Z INFO: Server running on http://localhost:5000]
[2024-12-05T06:21:34.995Z INFO: Server running on http://localhost:5000]
[2024-12-05T06:21:38.606Z INFO: Server running on http://localhost:5000]
[2024-12-05T06:21:44.688Z INFO: Server running on http://localhost:5000]
[2024-12-05T06:21:56.833Z INFO: Server running on http://localhost:5000]
[2024-12-05T06:21:59.770Z INFO: Server running on http://localhost:5000]
[2024-12-05T06:22:04.380Z INFO: Server running on http://localhost:5000]
[2024-12-05T06:22:10.847Z INFO: Server running on http://localhost:5000]
[2024-12-05T06:22:13.843Z INFO: Server running on http://localhost:5000]
[2024-12-05T06:22:19.286Z INFO: Server running on http://localhost:5000]
[2024-12-05T06:22:21.172Z INFO: Server running on http://localhost:5000]
[2024-12-05T06:22:24.294Z INFO: Server running on http://localhost:5000]
[2024-12-05T06:22:27.702Z INFO: Server running on http://localhost:5000]
[2024-12-05T06:22:31.174Z INFO: Server running on http://localhost:5000]
[2024-12-05T06:22:48.303Z INFO: Server running on http://localhost:5000]
[2024-12-05T06:22:50.828Z INFO: Server running on http://localhost:5000]
[2024-12-05T06:22:52.078Z INFO: Server running on http://localhost:5000]
[2024-12-05T06:22:52.989Z INFO: Server running on http://localhost:5000]
[2024-12-05T06:22:54.541Z INFO: Server running on http://localhost:5000]
[2024-12-05T06:22:57.984Z INFO: Server running on http://localhost:5000]
[2024-12-05T06:22:59.293Z INFO: Server running on http://localhost:5000]
[2024-12-05T06:23:04.408Z INFO: Server running on http://localhost:5000]
[2024-12-05T06:23:07.145Z INFO: Server running on http://localhost:5000]
[2024-12-05T06:23:16.697Z INFO: Server running on http://localhost:5000]
[2024-12-05T06:23:18.468Z INFO: Server running on http://localhost:5000]
[2024-12-05T06:23:20.094Z INFO: Server running on http://localhost:5000]
[2024-12-05T06:23:21.531Z INFO: Server running on http://localhost:5000]
[2024-12-05T06:23:23.850Z INFO: Server running on http://localhost:5000]
[2024-12-05T06:23:28.512Z INFO: Server running on http://localhost:5000]
[2024-12-05T06:23:32.337Z INFO: Server running on http://localhost:5000]
[2024-12-05T06:23:36.204Z INFO: Server running on http://localhost:5000]
[2024-12-05T06:23:40.023Z INFO: Server running on http://localhost:5000]
[2024-12-05T06:23:42.459Z INFO: Server running on http://localhost:5000]
[2024-12-05T06:23:51.443Z INFO: Server running on http://localhost:5000]
[2024-12-05T06:23:55.969Z INFO: Server running on http://localhost:5000]
[2024-12-05T06:24:00.203Z INFO: Server running on http://localhost:5000]
[2024-12-05T06:24:03.394Z INFO: Server running on http://localhost:5000]
[2024-12-05T06:24:08.381Z INFO: Server running on http://localhost:5000]
[2024-12-05T06:24:13.295Z INFO: Server running on http://localhost:5000]
[2024-12-05T06:24:15.797Z INFO: Server running on http://localhost:5000]
[2024-12-05T06:24:18.420Z INFO: Server running on http://localhost:5000]
[2024-12-05T06:24:20.109Z INFO: Server running on http://localhost:5000]
[2024-12-05T06:24:22.197Z INFO: Server running on http://localhost:5000]
[2024-12-05T06:24:23.529Z INFO: Server running on http://localhost:5000]
[2024-12-05T06:24:24.694Z INFO: Server running on http://localhost:5000]
[2024-12-05T06:24:27.422Z INFO: Server running on http://localhost:5000]
[2024-12-05T06:24:31.193Z INFO: Server running on http://localhost:5000]
[2024-12-05T06:24:43.153Z INFO: Server running on http://localhost:5000]
[2024-12-05T06:24:44.622Z INFO: Server running on http://localhost:5000]
[2024-12-05T06:24:45.987Z INFO: Server running on http://localhost:5000]
[2024-12-05T06:24:48.626Z INFO: Server running on http://localhost:5000]
[2024-12-05T06:24:49.674Z INFO: Server running on http://localhost:5000]
[2024-12-05T06:24:55.818Z INFO: Server running on http://localhost:5000]
[2024-12-05T06:24:57.522Z INFO: Server running on http://localhost:5000]
[2024-12-05T06:25:01.513Z INFO: Server running on http://localhost:5000]
[2024-12-05T06:25:03.640Z INFO: Server running on http://localhost:5000]
[2024-12-05T06:25:07.848Z INFO: Server running on http://localhost:5000]
[2024-12-05T06:25:15.029Z INFO: Server running on http://localhost:5000]
[2024-12-05T06:25:32.572Z INFO: Server running on http://localhost:5000]
[2024-12-05T06:25:48.673Z INFO: Server running on http://localhost:5000]
[2024-12-05T06:25:51.803Z INFO: Server running on http://localhost:5000]
[2024-12-05T06:25:57.170Z INFO: Server running on http://localhost:5000]
[2024-12-05T06:35:24.417Z INFO: Server running on http://localhost:5000]
[2024-12-05T06:35:49.913Z INFO: Server running on http://localhost:5000]
[2024-12-05T06:35:51.588Z INFO: Server running on http://localhost:5000]
[2024-12-05T06:35:54.766Z INFO: Server running on http://localhost:5000]
[2024-12-05T06:35:56.630Z INFO: Server running on http://localhost:5000]
[2024-12-05T06:36:27.278Z INFO: Server running on http://localhost:5000]
[2024-12-05T06:36:29.329Z INFO: Server running on http://localhost:5000]
[2024-12-05T06:36:30.541Z INFO: Server running on http://localhost:5000]
[2024-12-05T06:36:35.518Z INFO: Server running on http://localhost:5000]
[2024-12-05T06:36:39.276Z INFO: Server running on http://localhost:5000]
[2024-12-05T06:36:42.388Z INFO: Server running on http://localhost:5000]
[2024-12-05T06:36:59.647Z INFO: Server running on http://localhost:5000]
[2024-12-05T06:37:02.622Z INFO: Server running on http://localhost:5000]
[2024-12-05T06:37:04.225Z INFO: Server running on http://localhost:5000]
[2024-12-05T06:37:05.566Z INFO: Server running on http://localhost:5000]
[2024-12-05T06:37:08.269Z INFO: Server running on http://localhost:5000]
[2024-12-05T06:37:09.445Z INFO: Server running on http://localhost:5000]
[2024-12-05T06:37:19.640Z INFO: Server running on http://localhost:5000]
[2024-12-05T06:37:21.705Z INFO: Server running on http://localhost:5000]
[2024-12-05T06:37:23.515Z INFO: Server running on http://localhost:5000]
[2024-12-05T06:37:25.355Z INFO: Server running on http://localhost:5000]
[2024-12-05T06:37:43.566Z INFO: Server running on http://localhost:5000]
[2024-12-05T06:37:48.468Z INFO: Server running on http://localhost:5000]
[2024-12-05T06:37:51.376Z INFO: Server running on http://localhost:5000]
[2024-12-05T06:37:53.178Z INFO: Server running on http://localhost:5000]
[2024-12-05T06:37:56.349Z INFO: Server running on http://localhost:5000]
[2024-12-05T06:38:11.110Z INFO: Server running on http://localhost:5000]
[2024-12-05T06:38:15.771Z INFO: Server running on http://localhost:5000]
[2024-12-05T06:38:19.313Z INFO: Server running on http://localhost:5000]
[2024-12-05T06:38:20.715Z INFO: Server running on http://localhost:5000]
[2024-12-05T06:38:21.751Z INFO: Server running on http://localhost:5000]
[2024-12-05T06:38:23.353Z INFO: Server running on http://localhost:5000]
[2024-12-05T06:38:28.590Z INFO: Server running on http://localhost:5000]
[2024-12-05T06:38:29.499Z INFO: Server running on http://localhost:5000]
[2024-12-05T06:38:32.938Z INFO: Server running on http://localhost:5000]
[2024-12-05T06:38:35.505Z INFO: Server running on http://localhost:5000]
[2024-12-05T06:38:42.024Z INFO: Server running on http://localhost:5000]
[2024-12-05T06:38:47.921Z INFO: Server running on http://localhost:5000]
[2024-12-05T06:38:51.980Z INFO: Server running on http://localhost:5000]
[2024-12-05T06:39:02.117Z INFO: Server running on http://localhost:5000]
[2024-12-05T06:39:03.355Z INFO: Server running on http://localhost:5000]
[2024-12-05T06:39:12.904Z INFO: Server running on http://localhost:5000]
[2024-12-05T06:39:15.516Z INFO: Server running on http://localhost:5000]
[2024-12-05T06:39:40.429Z INFO: Server running on http://localhost:5000]
[2024-12-05T06:39:44.219Z INFO: Server running on http://localhost:5000]
[2024-12-05T06:39:45.411Z INFO: Server running on http://localhost:5000]
[2024-12-05T06:39:47.159Z INFO: Server running on http://localhost:5000]
[2024-12-05T06:39:49.482Z INFO: Server running on http://localhost:5000]
[2024-12-05T06:39:50.750Z INFO: Server running on http://localhost:5000]
[2024-12-05T06:39:54.728Z INFO: Server running on http://localhost:5000]
[2024-12-05T06:40:02.943Z INFO: Server running on http://localhost:5000]
[2024-12-05T06:40:07.654Z INFO: Server running on http://localhost:5000]
[2024-12-05T06:40:09.744Z INFO: Server running on http://localhost:5000]
[2024-12-05T06:40:19.038Z INFO: Server running on http://localhost:5000]
[2024-12-05T06:40:28.102Z INFO: Server running on http://localhost:5000]
[2024-12-05T06:40:30.799Z INFO: Server running on http://localhost:5000]
[2024-12-05T06:40:45.604Z INFO: Server running on http://localhost:5000]
[2024-12-05T06:40:49.436Z INFO: Server running on http://localhost:5000]
[2024-12-05T06:40:52.269Z INFO: Server running on http://localhost:5000]
[2024-12-05T06:40:55.338Z INFO: Server running on http://localhost:5000]
[2024-12-05T06:40:57.006Z INFO: Server running on http://localhost:5000]
[2024-12-05T06:40:58.548Z INFO: Server running on http://localhost:5000]
[2024-12-05T06:41:02.738Z INFO: Server running on http://localhost:5000]
[2024-12-05T06:41:03.993Z INFO: Server running on http://localhost:5000]
[2024-12-05T06:41:09.230Z INFO: Server running on http://localhost:5000]
[2024-12-05T06:41:21.316Z INFO: Server running on http://localhost:5000]
[2024-12-05T06:41:30.960Z INFO: Server running on http://localhost:5000]
[2024-12-05T06:41:34.084Z INFO: Server running on http://localhost:5000]
[2024-12-05T06:41:41.592Z INFO: Server running on http://localhost:5000]
[2024-12-05T06:41:45.619Z INFO: Server running on http://localhost:5000]
[2024-12-05T06:41:51.960Z INFO: Server running on http://localhost:5000]
[2024-12-05T06:41:53.465Z INFO: Server running on http://localhost:5000]
[2024-12-05T06:41:54.881Z INFO: Server running on http://localhost:5000]
[2024-12-05T06:41:58.802Z INFO: Server running on http://localhost:5000]
[2024-12-05T06:42:00.848Z INFO: Server running on http://localhost:5000]
[2024-12-05T06:42:01.914Z INFO: Server running on http://localhost:5000]
[2024-12-05T06:42:16.730Z INFO: Server running on http://localhost:5000]
[2024-12-05T06:42:18.694Z INFO: Server running on http://localhost:5000]
[2024-12-05T06:42:20.131Z INFO: Server running on http://localhost:5000]
[2024-12-05T06:42:23.147Z INFO: Server running on http://localhost:5000]
[2024-12-05T06:42:27.435Z INFO: Server running on http://localhost:5000]
[2024-12-05T06:42:30.980Z INFO: Server running on http://localhost:5000]
[2024-12-05T06:42:33.731Z INFO: Server running on http://localhost:5000]
[2024-12-05T06:42:36.321Z INFO: Server running on http://localhost:5000]
[2024-12-05T06:42:38.304Z INFO: Server running on http://localhost:5000]
[2024-12-05T06:42:43.674Z INFO: Server running on http://localhost:5000]
[2024-12-05T06:42:45.089Z INFO: Server running on http://localhost:5000]
[2024-12-05T06:42:48.749Z INFO: Server running on http://localhost:5000]
[2024-12-05T06:42:50.134Z INFO: Server running on http://localhost:5000]
[2024-12-05T06:42:52.438Z INFO: Server running on http://localhost:5000]
[2024-12-05T06:42:54.780Z INFO: Server running on http://localhost:5000]
[2024-12-05T06:43:28.341Z INFO: Server running on http://localhost:5000]
[2024-12-05T06:43:32.722Z INFO: Server running on http://localhost:5000]
[2024-12-05T06:43:36.566Z INFO: Server running on http://localhost:5000]
[2024-12-05T06:44:14.231Z INFO: Server running on http://localhost:5000]
[2024-12-05T06:44:16.481Z INFO: Server running on http://localhost:5000]
[2024-12-05T06:44:19.259Z INFO: Server running on http://localhost:5000]
[2024-12-05T06:44:23.471Z INFO: Server running on http://localhost:5000]
[2024-12-05T06:44:49.897Z INFO: Server running on http://localhost:5000]
[2024-12-05T06:44:54.156Z INFO: Server running on http://localhost:5000]
[2024-12-05T06:44:56.562Z INFO: Server running on http://localhost:5000]
[2024-12-05T06:44:57.646Z INFO: Server running on http://localhost:5000]
[2024-12-05T06:44:59.557Z INFO: Server running on http://localhost:5000]
[2024-12-05T06:45:01.130Z INFO: Server running on http://localhost:5000]
[2024-12-05T06:45:07.493Z INFO: Server running on http://localhost:5000]
[2024-12-05T06:45:16.546Z INFO: Server running on http://localhost:5000]
[2024-12-05T06:47:31.365Z INFO: Server running on http://localhost:5000]
[2024-12-05T06:47:35.821Z INFO: Server running on http://localhost:5000]
[2024-12-05T06:47:39.455Z INFO: Server running on http://localhost:5000]
[2024-12-05T06:47:44.998Z INFO: Server running on http://localhost:5000]
[2024-12-05T06:47:54.105Z INFO: Server running on http://localhost:5000]
[2024-12-05T06:47:59.604Z INFO: Server running on http://localhost:5000]
[2024-12-05T06:48:02.854Z INFO: Server running on http://localhost:5000]
[2024-12-05T06:48:05.474Z INFO: Server running on http://localhost:5000]
[2024-12-05T06:48:11.661Z INFO: Server running on http://localhost:5000]
[2024-12-05T06:49:08.874Z INFO: Server running on http://localhost:5000]
[2024-12-05T06:49:10.568Z INFO: Server running on http://localhost:5000]
[2024-12-05T06:49:15.038Z INFO: Server running on http://localhost:5000]
[2024-12-05T06:49:18.020Z INFO: Server running on http://localhost:5000]
[2024-12-05T06:49:19.787Z INFO: Server running on http://localhost:5000]
[2024-12-05T06:49:21.076Z INFO: Server running on http://localhost:5000]
[2024-12-05T06:49:25.879Z INFO: Server running on http://localhost:5000]
[2024-12-05T06:49:29.300Z INFO: Server running on http://localhost:5000]
[2024-12-05T06:49:30.414Z INFO: Server running on http://localhost:5000]
[2024-12-05T06:49:31.638Z INFO: Server running on http://localhost:5000]
[2024-12-05T06:49:35.097Z INFO: Server running on http://localhost:5000]
[2024-12-05T06:49:36.776Z INFO: Server running on http://localhost:5000]
[2024-12-05T06:49:39.550Z INFO: Server running on http://localhost:5000]
[2024-12-05T06:49:42.126Z INFO: Server running on http://localhost:5000]
[2024-12-05T06:49:43.413Z INFO: Server running on http://localhost:5000]
[2024-12-05T06:49:54.222Z INFO: Server running on http://localhost:5000]
[2024-12-05T06:49:58.066Z INFO: Server running on http://localhost:5000]
[2024-12-05T06:50:03.421Z INFO: Server running on http://localhost:5000]
[2024-12-05T06:50:06.807Z INFO: Server running on http://localhost:5000]
[2024-12-05T06:50:08.984Z INFO: Server running on http://localhost:5000]
[2024-12-05T06:50:10.037Z INFO: Server running on http://localhost:5000]
[2024-12-05T06:50:12.819Z INFO: Server running on http://localhost:5000]
[2024-12-05T06:50:15.007Z INFO: Server running on http://localhost:5000]
[2024-12-05T06:50:20.107Z INFO: Server running on http://localhost:5000]
[2024-12-05T06:50:21.154Z INFO: Server running on http://localhost:5000]
[2024-12-05T06:50:27.730Z INFO: Server running on http://localhost:5000]
[2024-12-05T06:50:30.389Z INFO: Server running on http://localhost:5000]
[2024-12-05T06:50:59.167Z INFO: Server running on http://localhost:5000]
[2024-12-05T06:51:01.973Z INFO: Server running on http://localhost:5000]
[2024-12-05T06:51:07.473Z INFO: Server running on http://localhost:5000]
[2024-12-05T06:51:09.577Z INFO: Server running on http://localhost:5000]
[2024-12-05T06:51:19.853Z INFO: Server running on http://localhost:5000]
[2024-12-05T06:51:26.175Z INFO: Server running on http://localhost:5000]
[2024-12-05T06:51:29.902Z INFO: Server running on http://localhost:5000]
[2024-12-05T06:51:30.951Z INFO: Server running on http://localhost:5000]
[2024-12-05T06:51:37.183Z INFO: Server running on http://localhost:5000]
[2024-12-05T06:51:40.913Z INFO: Server running on http://localhost:5000]
[2024-12-05T06:51:42.779Z INFO: Server running on http://localhost:5000]
[2024-12-05T06:51:45.208Z INFO: Server running on http://localhost:5000]
[2024-12-05T06:52:12.049Z INFO: Server running on http://localhost:5000]
[2024-12-05T06:52:14.282Z INFO: Server running on http://localhost:5000]
[2024-12-05T06:52:17.060Z INFO: Server running on http://localhost:5000]
[2024-12-05T06:52:18.216Z INFO: Server running on http://localhost:5000]
[2024-12-05T06:52:20.272Z INFO: Server running on http://localhost:5000]
[2024-12-05T06:52:24.058Z INFO: Server running on http://localhost:5000]
[2024-12-05T06:52:25.357Z INFO: Server running on http://localhost:5000]
[2024-12-05T06:52:28.940Z INFO: Server running on http://localhost:5000]
[2024-12-05T06:52:31.619Z INFO: Server running on http://localhost:5000]
[2024-12-05T06:52:36.221Z INFO: Server running on http://localhost:5000]
[2024-12-05T06:52:40.605Z INFO: Server running on http://localhost:5000]
[2024-12-05T06:52:42.198Z INFO: Server running on http://localhost:5000]
[2024-12-05T06:52:56.492Z INFO: Server running on http://localhost:5000]
[2024-12-05T06:53:00.366Z INFO: Server running on http://localhost:5000]
[2024-12-05T06:53:04.104Z INFO: Server running on http://localhost:5000]
[2024-12-05T06:53:05.065Z INFO: Server running on http://localhost:5000]
[2024-12-05T06:53:10.290Z INFO: Server running on http://localhost:5000]
[2024-12-05T06:53:12.200Z INFO: Server running on http://localhost:5000]
[2024-12-05T06:53:13.411Z INFO: Server running on http://localhost:5000]
[2024-12-05T06:53:16.279Z INFO: Server running on http://localhost:5000]
[2024-12-05T06:53:20.758Z INFO: Server running on http://localhost:5000]
[2024-12-05T06:53:24.013Z INFO: Server running on http://localhost:5000]
[2024-12-05T06:53:26.394Z INFO: Server running on http://localhost:5000]
[2024-12-05T06:53:37.335Z INFO: Server running on http://localhost:5000]
[2024-12-05T06:53:40.622Z INFO: Server running on http://localhost:5000]
[2024-12-05T06:53:41.875Z INFO: Server running on http://localhost:5000]
[2024-12-05T06:53:45.887Z INFO: Server running on http://localhost:5000]
[2024-12-05T06:53:53.440Z INFO: Server running on http://localhost:5000]
[2024-12-05T06:53:59.893Z INFO: Server running on http://localhost:5000]
[2024-12-05T06:54:04.304Z INFO: Server running on http://localhost:5000]
[2024-12-05T06:54:09.466Z INFO: Server running on http://localhost:5000]
[2024-12-05T06:54:16.254Z INFO: Server running on http://localhost:5000]
[2024-12-05T06:54:20.573Z INFO: Server running on http://localhost:5000]
[2024-12-05T06:54:26.284Z INFO: Server running on http://localhost:5000]
[2024-12-05T06:54:28.931Z INFO: Server running on http://localhost:5000]
[2024-12-05T06:54:40.249Z INFO: Server running on http://localhost:5000]
[2024-12-05T06:54:46.071Z INFO: Server running on http://localhost:5000]
[2024-12-05T06:55:05.571Z INFO: Server running on http://localhost:5000]
[2024-12-05T06:55:07.079Z INFO: Server running on http://localhost:5000]
[2024-12-05T06:55:19.324Z INFO: Server running on http://localhost:5000]
[2024-12-05T06:55:36.166Z INFO: Server running on http://localhost:5000]
[2024-12-05T06:55:39.844Z INFO: Server running on http://localhost:5000]
[2024-12-05T06:55:43.639Z INFO: Server running on http://localhost:5000]
[2024-12-05T06:55:45.908Z INFO: Server running on http://localhost:5000]
[2024-12-05T06:56:08.574Z INFO: Server running on http://localhost:5000]
[2024-12-05T06:56:10.989Z INFO: Server running on http://localhost:5000]
[2024-12-05T06:56:13.432Z INFO: Server running on http://localhost:5000]
[2024-12-05T06:56:15.121Z INFO: Server running on http://localhost:5000]
[2024-12-05T06:56:17.677Z INFO: Server running on http://localhost:5000]
[2024-12-05T06:56:20.279Z INFO: Server running on http://localhost:5000]
[2024-12-05T06:56:24.937Z INFO: Server running on http://localhost:5000]
[2024-12-05T06:56:28.026Z INFO: Server running on http://localhost:5000]
[2024-12-05T06:56:30.854Z INFO: Server running on http://localhost:5000]
[2024-12-05T06:56:32.804Z INFO: Server running on http://localhost:5000]
[2024-12-05T06:56:36.137Z INFO: Server running on http://localhost:5000]
[2024-12-05T06:56:37.314Z INFO: Server running on http://localhost:5000]
[2024-12-05T06:56:41.060Z INFO: Server running on http://localhost:5000]
[2024-12-05T06:56:47.901Z INFO: Server running on http://localhost:5000]
[2024-12-05T06:56:51.270Z INFO: Server running on http://localhost:5000]
[2024-12-05T06:56:54.185Z INFO: Server running on http://localhost:5000]
[2024-12-05T06:56:57.207Z INFO: Server running on http://localhost:5000]
[2024-12-05T06:56:59.766Z INFO: Server running on http://localhost:5000]
[2024-12-05T06:57:03.662Z INFO: Server running on http://localhost:5000]
[2024-12-05T06:57:07.645Z INFO: Server running on http://localhost:5000]
[2024-12-05T06:57:12.532Z INFO: Server running on http://localhost:5000]
[2024-12-05T06:57:16.798Z INFO: Server running on http://localhost:5000]
[2024-12-05T06:57:18.491Z INFO: Server running on http://localhost:5000]
[2024-12-05T06:57:21.999Z INFO: Server running on http://localhost:5000]
[2024-12-05T06:57:29.888Z INFO: Server running on http://localhost:5000]
[2024-12-05T06:57:34.832Z INFO: Server running on http://localhost:5000]
[2024-12-05T06:57:41.302Z INFO: Server running on http://localhost:5000]
[2024-12-05T06:59:06.434Z INFO: Server running on http://localhost:5000]
[2024-12-05T06:59:29.240Z INFO: 
 Server running on http://localhost:5000]
[2024-12-05T06:59:58.926Z INFO: 
 Server running on http://localhost:5000]
[2024-12-05T07:00:52.603Z INFO: 
 Server running on http://localhost:5000]
[2024-12-05T07:00:57.659Z INFO: 
 Server running on http://localhost:5000]
[2024-12-05T09:25:19.548Z INFO: 
 Server running on http://localhost:5000]
[2024-12-05T09:25:24.022Z INFO: 
 Server running on http://localhost:5000]
[2024-12-05T09:25:26.717Z INFO: 
 Server running on http://localhost:5000]
[2024-12-05T09:25:30.941Z INFO: 
 Server running on http://localhost:5000]
[2024-12-05T09:25:43.302Z INFO: 
 Server running on http://localhost:5000]
[2024-12-05T09:25:48.207Z INFO: 
 Server running on http://localhost:5000]
[2024-12-05T09:25:58.193Z INFO: 
 Server running on http://localhost:5000]
[2024-12-05T09:26:05.406Z INFO: 
 Server running on http://localhost:5000]
[2024-12-05T09:26:08.692Z INFO: 
 Server running on http://localhost:5000]
[2024-12-05T09:26:10.434Z INFO: 
 Server running on http://localhost:5000]
[2024-12-05T09:26:12.139Z INFO: 
 Server running on http://localhost:5000]
[2024-12-05T09:26:16.009Z INFO: 
 Server running on http://localhost:5000]
[2024-12-05T09:26:17.792Z INFO: 
 Server running on http://localhost:5000]
[2024-12-05T09:26:19.264Z INFO: 
 Server running on http://localhost:5000]
[2024-12-05T09:26:33.855Z INFO: 
 Server running on http://localhost:5000]
[2024-12-05T09:26:35.868Z INFO: 
 Server running on http://localhost:5000]
[2024-12-05T09:26:37.223Z INFO: 
 Server running on http://localhost:5000]
[2024-12-05T09:26:38.112Z INFO: 
 Server running on http://localhost:5000]
[2024-12-05T09:26:40.236Z INFO: 
 Server running on http://localhost:5000]
[2024-12-05T09:26:41.647Z INFO: 
 Server running on http://localhost:5000]
[2024-12-05T09:26:48.280Z INFO: 
 Server running on http://localhost:5000]
[2024-12-05T09:26:50.786Z INFO: 
 Server running on http://localhost:5000]
[2024-12-05T09:26:57.155Z INFO: 
 Server running on http://localhost:5000]
[2024-12-05T09:27:01.142Z INFO: 
 Server running on http://localhost:5000]
[2024-12-05T09:27:04.253Z INFO: 
 Server running on http://localhost:5000]
[2024-12-05T09:27:06.025Z INFO: 
 Server running on http://localhost:5000]
[2024-12-05T09:27:07.386Z INFO: 
 Server running on http://localhost:5000]
[2024-12-05T09:27:09.395Z INFO: 
 Server running on http://localhost:5000]
[2024-12-05T09:27:11.148Z INFO: 
 Server running on http://localhost:5000]
[2024-12-05T09:27:14.545Z INFO: 
 Server running on http://localhost:5000]
[2024-12-05T09:27:17.035Z INFO: 
 Server running on http://localhost:5000]
[2024-12-05T09:27:29.140Z INFO: 
 Server running on http://localhost:5000]
[2024-12-05T09:27:38.910Z INFO: 
 Server running on http://localhost:5000]
[2024-12-05T09:27:46.035Z INFO: 
 Server running on http://localhost:5000]
[2024-12-05T09:27:47.183Z INFO: 
 Server running on http://localhost:5000]
[2024-12-05T09:27:49.863Z INFO: 
 Server running on http://localhost:5000]
[2024-12-05T09:27:54.841Z INFO: 
 Server running on http://localhost:5000]
[2024-12-05T09:27:58.755Z INFO: 
 Server running on http://localhost:5000]
[2024-12-05T09:28:01.343Z INFO: 
 Server running on http://localhost:5000]
[2024-12-05T09:28:05.338Z INFO: 
 Server running on http://localhost:5000]
[2024-12-05T09:28:06.474Z INFO: 
 Server running on http://localhost:5000]
[2024-12-05T09:28:07.531Z INFO: 
 Server running on http://localhost:5000]
[2024-12-05T09:28:09.992Z INFO: 
 Server running on http://localhost:5000]
[2024-12-05T09:28:17.189Z INFO: 
 Server running on http://localhost:5000]
[2024-12-05T09:28:19.702Z INFO: 
 Server running on http://localhost:5000]
[2024-12-05T09:28:24.268Z INFO: 
 Server running on http://localhost:5000]
[2024-12-05T09:28:26.933Z INFO: 
 Server running on http://localhost:5000]
[2024-12-05T09:28:33.274Z INFO: 
 Server running on http://localhost:5000]
[2024-12-05T09:28:35.135Z INFO: 
 Server running on http://localhost:5000]
[2024-12-05T09:28:43.222Z INFO: 
 Server running on http://localhost:5000]
[2024-12-05T09:28:46.600Z INFO: 
 Server running on http://localhost:5000]
[2024-12-05T09:28:50.680Z INFO: 
 Server running on http://localhost:5000]
[2024-12-05T09:29:01.743Z INFO: 
 Server running on http://localhost:5000]
[2024-12-05T09:34:44.677Z INFO: 
 Server running on http://localhost:5000]
[2024-12-05T09:36:09.602Z INFO: 
 Server running on http://localhost:5000]
[2024-12-05T09:40:43.077Z INFO: ::1 - - [05/Dec/2024:09:40:43 +0000] "POST /api/v1/users/register HTTP/1.1" 500 441 "-" "PostmanRuntime/7.43.0"]
[2024-12-05T09:42:19.745Z INFO: 
 Server running on http://localhost:5000]
[2024-12-05T09:42:20.924Z INFO: 
 Server running on http://localhost:5000]
[2024-12-05T09:43:23.264Z INFO: 
 Server running on http://localhost:5000]
[2024-12-05T09:43:26.667Z INFO: 
 Server running on http://localhost:5000]
[2024-12-05T09:43:27.851Z INFO: 
 Server running on http://localhost:5000]
[2024-12-05T09:43:28.839Z INFO: 
 Server running on http://localhost:5000]
[2024-12-05T09:43:30.146Z INFO: 
 Server running on http://localhost:5000]
[2024-12-05T09:43:33.720Z INFO: ::1 - - [05/Dec/2024:09:43:33 +0000] "POST /api/v1/users/register HTTP/1.1" 500 1592 "-" "PostmanRuntime/7.43.0"]
[2024-12-05T09:43:48.563Z INFO: 
 Server running on http://localhost:5000]
[2024-12-05T09:43:49.318Z INFO: 
 Server running on http://localhost:5000]
[2024-12-05T09:43:52.266Z INFO: 
 Server running on http://localhost:5000]
[2024-12-05T09:43:54.149Z INFO: ::1 - - [05/Dec/2024:09:43:54 +0000] "POST /api/v1/users/register HTTP/1.1" 500 441 "-" "PostmanRuntime/7.43.0"]
[2024-12-05T09:47:49.834Z INFO: 
 Server running on http://localhost:5000]
[2024-12-05T09:47:54.948Z INFO: 
 Server running on http://localhost:5000]
[2024-12-05T09:47:58.300Z INFO: 
 Server running on http://localhost:5000]
[2024-12-05T09:47:59.549Z INFO: 
 Server running on http://localhost:5000]
[2024-12-05T09:48:00.931Z INFO: 
 Server running on http://localhost:5000]
[2024-12-05T09:48:10.972Z INFO: 
 Server running on http://localhost:5000]
[2024-12-05T09:48:13.155Z INFO: 
 Server running on http://localhost:5000]
[2024-12-05T09:48:16.457Z INFO: 
 Server running on http://localhost:5000]
[2024-12-05T09:48:19.948Z INFO: 
 Server running on http://localhost:5000]
[2024-12-05T09:48:30.714Z INFO: 
 Server running on http://localhost:5000]
[2024-12-05T09:48:34.652Z INFO: 
 Server running on http://localhost:5000]
[2024-12-05T09:48:42.874Z INFO: ::1 - - [05/Dec/2024:09:48:42 +0000] "POST /api/v1/users/register HTTP/1.1" 500 1533 "-" "PostmanRuntime/7.43.0"]
[2024-12-05T09:49:02.101Z INFO: 
 Server running on http://localhost:5000]
[2024-12-05T09:49:10.101Z INFO: 
 Server running on http://localhost:5000]
[2024-12-05T09:49:13.916Z INFO: request from body: ]
[2024-12-05T09:49:13.929Z INFO: ::1 - - [05/Dec/2024:09:49:13 +0000] "POST /api/v1/users/register HTTP/1.1" 500 441 "-" "PostmanRuntime/7.43.0"]
[2024-12-05T09:49:45.075Z INFO: 
 Server running on http://localhost:5000]
[2024-12-05T09:49:46.758Z INFO: 
 Server running on http://localhost:5000]
[2024-12-05T09:49:47.404Z INFO: request from body: ]
[2024-12-05T09:49:47.474Z INFO: ::1 - - [05/Dec/2024:09:49:47 +0000] "POST /api/v1/users/register HTTP/1.1" 500 356 "-" "PostmanRuntime/7.43.0"]
[2024-12-05T09:51:53.873Z INFO: 
 Server running on http://localhost:5000]
[2024-12-05T09:51:56.484Z INFO: 
 Server running on http://localhost:5000]
[2024-12-05T09:52:01.146Z INFO: 
 Server running on http://localhost:5000]
[2024-12-05T09:52:04.925Z INFO: 
 Server running on http://localhost:5000]
[2024-12-05T09:52:08.664Z INFO: request from body: ]
[2024-12-05T09:52:08.685Z INFO: ::1 - - [05/Dec/2024:09:52:08 +0000] "POST /api/v1/users/register HTTP/1.1" 500 356 "-" "PostmanRuntime/7.43.0"]
[2024-12-05T09:53:07.552Z INFO: 
 Server running on http://localhost:5000]
[2024-12-05T09:53:09.550Z ERROR: request from body: ]
[2024-12-05T09:53:09.567Z INFO: ::1 - - [05/Dec/2024:09:53:09 +0000] "POST /api/v1/users/register HTTP/1.1" 500 356 "-" "PostmanRuntime/7.43.0"]
[2024-12-05T09:53:38.666Z INFO: 
 Server running on http://localhost:5000]
[2024-12-05T09:53:43.955Z INFO: 
 Server running on http://localhost:5000]
[2024-12-05T09:53:54.470Z INFO: 
 Server running on http://localhost:5000]
[2024-12-05T09:54:12.976Z ERROR: request from body: ]
[2024-12-05T09:54:12.992Z INFO: ::1 - - [05/Dec/2024:09:54:12 +0000] "POST /api/v1/users/register HTTP/1.1" 500 356 "-" "PostmanRuntime/7.43.0"]
[2024-12-05T09:56:00.648Z INFO: 
 Server running on http://localhost:5000]
[2024-12-05T09:56:37.402Z INFO: 
 Server running on http://localhost:5000]
[2024-12-05T09:56:40.031Z INFO: 
 Server running on http://localhost:5000]
[2024-12-05T09:56:43.962Z INFO: 
 Server running on http://localhost:5000]
[2024-12-05T09:56:48.571Z INFO: 
 Server running on http://localhost:5000]
[2024-12-05T09:56:51.818Z INFO: 
 Server running on http://localhost:5000]
[2024-12-05T09:56:55.475Z INFO: 
 Server running on http://localhost:5000]
[2024-12-05T09:56:56.579Z INFO: 
 Server running on http://localhost:5000]
[2024-12-05T09:57:02.735Z INFO: 
 Server running on http://localhost:5000]
[2024-12-05T09:57:05.437Z INFO: 
 Server running on http://localhost:5000]
[2024-12-05T09:57:09.843Z INFO: 
 Server running on http://localhost:5000]
[2024-12-05T09:57:13.209Z INFO: 
 Server running on http://localhost:5000]
[2024-12-05T09:57:18.672Z INFO: 
 Server running on http://localhost:5000]
[2024-12-05T09:57:22.565Z INFO: 
 Server running on http://localhost:5000]
[2024-12-05T09:57:28.427Z INFO: 
 Server running on http://localhost:5000]
[2024-12-05T09:57:30.839Z INFO: 
 Server running on http://localhost:5000]
[2024-12-05T09:57:35.357Z INFO: 
 Server running on http://localhost:5000]
[2024-12-05T09:57:38.904Z INFO: 
 Server running on http://localhost:5000]
[2024-12-05T09:57:47.536Z INFO: 
 Server running on http://localhost:5000]
[2024-12-05T09:57:48.700Z INFO: 
 Server running on http://localhost:5000]
[2024-12-05T09:57:52.790Z INFO: 
 Server running on http://localhost:5000]
[2024-12-05T09:57:55.254Z INFO: 
 Server running on http://localhost:5000]
[2024-12-05T09:57:58.309Z INFO: 
 Server running on http://localhost:5000]
[2024-12-05T09:58:01.146Z INFO: 
 Server running on http://localhost:5000]
[2024-12-05T09:58:04.370Z INFO: 
 Server running on http://localhost:5000]
[2024-12-05T09:58:06.749Z INFO: 
 Server running on http://localhost:5000]
[2024-12-05T09:58:09.437Z INFO: 
 Server running on http://localhost:5000]
[2024-12-05T09:59:03.229Z INFO: 
 Server running on http://localhost:5000]
[2024-12-05T09:59:12.211Z INFO: 
 Server running on http://localhost:5000]
[2024-12-05T09:59:23.647Z INFO: 
 Server running on http://localhost:5000]
[2024-12-05T09:59:25.487Z INFO: 
 Server running on http://localhost:5000]
[2024-12-05T09:59:40.884Z INFO: 
 Server running on http://localhost:5000]
[2024-12-05T09:59:55.856Z ERROR: request from body: ]
[2024-12-05T09:59:55.873Z INFO: ::1 - - [05/Dec/2024:09:59:55 +0000] "POST /api/v1/users/register HTTP/1.1" 500 356 "-" "PostmanRuntime/7.43.0"]
[2024-12-05T10:01:37.223Z INFO: ::1 - - [05/Dec/2024:10:01:37 +0000] "GET / HTTP/1.1" 404 139 "-" "Mozilla/5.0 (Windows NT 10.0; Win64; x64) AppleWebKit/537.36 (KHTML, like Gecko) Chrome/131.0.0.0 Safari/537.36"]
[2024-12-05T10:02:08.567Z ERROR: request from body: ]
[2024-12-05T10:02:08.575Z INFO: ::1 - - [05/Dec/2024:10:02:08 +0000] "POST /api/v1/users/register HTTP/1.1" 500 356 "-" "PostmanRuntime/7.43.0"]
[2024-12-05T10:02:27.340Z INFO: 
 Server running on http://localhost:5000]
[2024-12-05T10:02:33.977Z ERROR: request from body: ]
[2024-12-05T10:02:33.995Z INFO: ::1 - - [05/Dec/2024:10:02:33 +0000] "POST /api/v1/users/register HTTP/1.1" 500 356 "-" "PostmanRuntime/7.43.0"]
[2024-12-05T10:04:18.248Z INFO: 
 Server running on http://localhost:5000]
[2024-12-05T10:04:27.027Z INFO: 
 Server running on http://localhost:5000]
[2024-12-05T10:04:29.201Z INFO: 
 Server running on http://localhost:5000]
[2024-12-05T10:04:31.142Z INFO: 
 Server running on http://localhost:5000]
[2024-12-05T10:04:32.182Z INFO: 
 Server running on http://localhost:5000]
[2024-12-05T10:04:33.557Z INFO: 
 Server running on http://localhost:5000]
[2024-12-05T10:04:34.896Z INFO: 
 Server running on http://localhost:5000]
[2024-12-05T10:04:37.018Z INFO: 
 Server running on http://localhost:5000]
[2024-12-05T10:04:44.932Z ERROR: request from body: ]
[2024-12-05T10:04:44.951Z INFO: ::1 - - [05/Dec/2024:10:04:44 +0000] "POST /api/v1/users/register HTTP/1.1" 500 356 "-" "PostmanRuntime/7.43.0"]
[2024-12-05T10:05:24.912Z INFO: 
 Server running on http://localhost:5000]
[2024-12-05T10:05:26.624Z INFO: 
 Server running on http://localhost:5000]
[2024-12-05T10:05:28.423Z INFO: 
 Server running on http://localhost:5000]
[2024-12-05T10:05:29.370Z INFO: 
 Server running on http://localhost:5000]
[2024-12-05T10:05:51.092Z INFO: Request Headers:]
[2024-12-05T10:05:51.093Z INFO: Request Body:]
[2024-12-05T10:05:51.110Z INFO: ::1 - - [05/Dec/2024:10:05:51 +0000] "POST /api/v1/users/register HTTP/1.1" 500 356 "-" "PostmanRuntime/7.43.0"]
[2024-12-05T10:07:03.489Z INFO: 
 Server running on http://localhost:5000]
[2024-12-05T10:07:14.080Z INFO: 
 Server running on http://localhost:5000]
[2024-12-05T10:07:15.844Z INFO: 
 Server running on http://localhost:5000]
[2024-12-05T10:07:21.673Z INFO: 
 Server running on http://localhost:5000]
[2024-12-05T10:07:26.917Z INFO: 
 Server running on http://localhost:5000]
[2024-12-05T10:07:31.605Z INFO: 
 Server running on http://localhost:5000]
[2024-12-05T10:07:35.272Z INFO: 
 Server running on http://localhost:5000]
[2024-12-05T10:07:36.363Z INFO: 
 Server running on http://localhost:5000]
[2024-12-05T10:07:39.632Z INFO: 
 Server running on http://localhost:5000]
[2024-12-05T10:07:41.456Z INFO: 
 Server running on http://localhost:5000]
[2024-12-05T10:07:51.760Z INFO: 
 Server running on http://localhost:5000]
[2024-12-05T10:07:55.510Z INFO: 
 Server running on http://localhost:5000]
[2024-12-05T10:08:03.276Z INFO: Request Headers:]
[2024-12-05T10:08:03.277Z INFO: Request Body:]
[2024-12-05T10:08:03.292Z INFO: Existing User Check:]
[2024-12-05T10:08:03.297Z INFO: ::1 - - [05/Dec/2024:10:08:03 +0000] "POST /api/v1/users/register HTTP/1.1" 500 356 "-" "PostmanRuntime/7.43.0"]
[2024-12-05T10:10:56.003Z INFO: 
 Server running on http://localhost:5000]
[2024-12-05T10:11:27.327Z INFO: 
 Server running on http://localhost:5000]
[2024-12-05T10:11:42.783Z INFO: 
 Server running on http://localhost:5000]
[2024-12-05T10:11:50.589Z INFO: 
 Server running on http://localhost:5000]
[2024-12-05T10:12:08.030Z INFO: Request Headers:]
[2024-12-05T10:12:08.031Z INFO: Request Body:]
[2024-12-05T10:12:08.061Z INFO: Existing User Check:]
[2024-12-05T10:12:08.066Z INFO: ::1 - - [05/Dec/2024:10:12:08 +0000] "POST /api/v1/users/register HTTP/1.1" 500 356 "-" "PostmanRuntime/7.43.0"]
[2024-12-05T10:14:38.810Z INFO: 
 Server running on http://localhost:5000]
[2024-12-05T10:14:41.274Z INFO: 
 Server running on http://localhost:5000]
[2024-12-05T10:14:43.853Z INFO: 
 Server running on http://localhost:5000]
[2024-12-05T10:15:34.553Z INFO: Request Headers:]
[2024-12-05T10:15:34.553Z INFO: Request Body:]
[2024-12-05T10:15:34.615Z INFO: Existing User Check:]
[2024-12-05T10:15:34.619Z INFO: ::1 - - [05/Dec/2024:10:15:34 +0000] "POST /api/v1/users/register HTTP/1.1" 500 356 "-" "PostmanRuntime/7.43.0"]
[2024-12-05T10:15:58.917Z INFO: 
 Server running on http://localhost:5000]
[2024-12-05T10:16:00.409Z INFO: 
 Server running on http://localhost:5000]
[2024-12-05T10:16:05.433Z INFO: 
 Server running on http://localhost:5000]
[2024-12-05T10:16:09.297Z INFO: 
 Server running on http://localhost:5000]
[2024-12-05T10:16:16.237Z INFO: 
 Server running on http://localhost:5000]
[2024-12-05T10:16:19.450Z INFO: 
 Server running on http://localhost:5000]
[2024-12-05T10:16:24.465Z INFO: 
 Server running on http://localhost:5000]
[2024-12-05T10:16:31.318Z INFO: 
 Server running on http://localhost:5000]
[2024-12-05T10:16:32.823Z INFO: 
 Server running on http://localhost:5000]
[2024-12-05T10:16:54.815Z INFO: Request Headers:]
[2024-12-05T10:16:54.816Z INFO: Request Body:]
[2024-12-05T10:16:54.833Z INFO: Existing User Check:]
[2024-12-05T10:16:54.837Z INFO: ::1 - - [05/Dec/2024:10:16:54 +0000] "POST /api/v1/users/register HTTP/1.1" 500 356 "-" "PostmanRuntime/7.43.0"]
[2024-12-05T10:17:38.425Z INFO: 
 Server running on http://localhost:5000]
[2024-12-05T10:17:42.821Z INFO: Request Headers:]
[2024-12-05T10:17:42.821Z INFO: Request Body:]
[2024-12-05T10:17:42.839Z INFO: Existing User Check:]
[2024-12-05T10:17:42.843Z INFO: ::1 - - [05/Dec/2024:10:17:42 +0000] "POST /api/v1/users/register HTTP/1.1" 500 356 "-" "PostmanRuntime/7.43.0"]
[2024-12-05T10:17:52.715Z INFO: 
 Server running on http://localhost:5000]
[2024-12-05T10:20:05.835Z INFO: 
 Server running on http://localhost:5000]
[2024-12-05T10:20:09.178Z INFO: 
 Server running on http://localhost:5000]
[2024-12-05T10:20:15.419Z INFO: 
 Server running on http://localhost:5000]
[2024-12-05T10:20:18.001Z INFO: 
 Server running on http://localhost:5000]
[2024-12-05T10:20:23.018Z INFO: 
 Server running on http://localhost:5000]
[2024-12-05T10:20:25.952Z INFO: 
 Server running on http://localhost:5000]
[2024-12-05T10:20:29.376Z INFO: 
 Server running on http://localhost:5000]
[2024-12-05T10:21:13.244Z INFO: 
 Server running on http://localhost:5000]
[2024-12-05T10:21:17.088Z INFO: 
 Server running on http://localhost:5000]
[2024-12-05T10:21:19.210Z INFO: 
 Server running on http://localhost:5000]
[2024-12-05T10:21:23.112Z INFO: 
 Server running on http://localhost:5000]
[2024-12-05T10:21:26.587Z INFO: 
 Server running on http://localhost:5000]
[2024-12-05T10:21:36.318Z INFO: 
 Server running on http://localhost:5000]
[2024-12-05T10:21:46.685Z INFO: 
 Server running on http://localhost:5000]
[2024-12-05T10:21:49.168Z INFO: 
 Server running on http://localhost:5000]
[2024-12-05T10:21:51.707Z INFO: 
 Server running on http://localhost:5000]
[2024-12-05T10:21:59.687Z INFO: 
 Server running on http://localhost:5000]
[2024-12-05T10:22:03.822Z INFO: 
 Server running on http://localhost:5000]
[2024-12-05T10:22:05.808Z INFO: 
 Server running on http://localhost:5000]
[2024-12-05T10:22:06.992Z INFO: 
 Server running on http://localhost:5000]
[2024-12-05T10:23:00.047Z INFO: 
 Server running on http://localhost:5000]
[2024-12-05T10:23:03.196Z INFO: 
 Server running on http://localhost:5000]
[2024-12-05T10:23:04.912Z INFO: 
 Server running on http://localhost:5000]
[2024-12-05T10:23:06.790Z INFO: 
 Server running on http://localhost:5000]
[2024-12-05T10:23:20.492Z INFO: 
 Server running on http://localhost:5000]
[2024-12-05T10:23:22.208Z INFO: 
 Server running on http://localhost:5000]
[2024-12-05T10:25:48.628Z INFO: Request Headers:]
[2024-12-05T10:25:48.629Z INFO: Request Body:]
[2024-12-05T10:25:48.659Z INFO: Existing User Check:]
[2024-12-05T10:25:48.665Z INFO: ::1 - - [05/Dec/2024:10:25:48 +0000] "POST /api/v1/users/register HTTP/1.1" 500 356 "-" "PostmanRuntime/7.43.0"]
[2024-12-05T10:26:58.174Z INFO: 
 Server running on http://localhost:5000]
[2024-12-05T10:26:59.921Z INFO: 
 Server running on http://localhost:5000]
[2024-12-05T10:27:10.546Z INFO: 
 Server running on http://localhost:5000]
[2024-12-05T10:27:30.563Z INFO: 
 Server running on http://localhost:5000]
[2024-12-05T10:28:18.713Z INFO: 
 Server running on http://localhost:5000]
[2024-12-05T10:28:22.573Z INFO: 
 Server running on http://localhost:5000]
[2024-12-05T10:28:29.843Z INFO: 
 Server running on http://localhost:5000]
[2024-12-05T10:28:31.815Z INFO: 
 Server running on http://localhost:5000]
[2024-12-05T10:28:33.505Z INFO: 
 Server running on http://localhost:5000]
[2024-12-05T10:28:36.516Z INFO: 
 Server running on http://localhost:5000]
[2024-12-05T10:28:37.426Z INFO: 
 Server running on http://localhost:5000]
[2024-12-05T10:29:03.304Z INFO: 
 Server running on http://localhost:5000]
[2024-12-05T10:29:06.463Z INFO: 
 Server running on http://localhost:5000]
[2024-12-05T10:29:21.037Z INFO: 
 Server running on http://localhost:5000]
[2024-12-05T10:29:23.445Z INFO: 
 Server running on http://localhost:5000]
[2024-12-05T10:29:30.725Z INFO: 
 Server running on http://localhost:5000]
[2024-12-05T10:29:45.230Z INFO: Request Headers:]
[2024-12-05T10:29:45.231Z INFO: Request Body:]
[2024-12-05T10:29:45.248Z INFO: Existing User Check:]
[2024-12-05T10:29:45.252Z INFO: ::1 - - [05/Dec/2024:10:29:45 +0000] "POST /api/v1/users/register HTTP/1.1" 500 356 "-" "PostmanRuntime/7.43.0"]
[2024-12-05T10:30:41.359Z INFO: Request Headers:]
[2024-12-05T10:30:41.360Z INFO: Request Body:]
[2024-12-05T10:30:41.365Z INFO: Existing User Check:]
[2024-12-05T10:30:41.366Z INFO: ::1 - - [05/Dec/2024:10:30:41 +0000] "POST /api/v1/users/register HTTP/1.1" 500 356 "-" "PostmanRuntime/7.43.0"]
[2024-12-05T10:31:28.878Z INFO: Request Headers:]
[2024-12-05T10:31:28.879Z INFO: Request Body:]
[2024-12-05T10:31:28.883Z INFO: Existing User Check:]
[2024-12-05T10:31:28.884Z INFO: ::1 - - [05/Dec/2024:10:31:28 +0000] "POST /api/v1/users/register HTTP/1.1" 500 356 "-" "PostmanRuntime/7.43.0"]
[2024-12-05T10:32:16.216Z INFO: Request Headers:]
[2024-12-05T10:32:16.217Z INFO: Request Body:]
[2024-12-05T10:32:16.220Z INFO: Existing User Check:]
[2024-12-05T10:32:16.221Z INFO: ::1 - - [05/Dec/2024:10:32:16 +0000] "POST /api/v1/users/register HTTP/1.1" 500 356 "-" "PostmanRuntime/7.43.0"]
[2024-12-05T10:32:57.986Z INFO: 
 Server running on http://localhost:5000]
[2024-12-05T10:34:59.067Z INFO: 
 Server running on http://localhost:5000]
[2024-12-05T10:35:00.706Z INFO: 
 Server running on http://localhost:5000]
[2024-12-05T10:35:08.822Z INFO: 
 Server running on http://localhost:5000]
[2024-12-05T10:35:13.153Z INFO: 
 Server running on http://localhost:5000]
[2024-12-05T10:35:17.960Z INFO: 
 Server running on http://localhost:5000]
[2024-12-05T10:35:36.779Z INFO: 
 Server running on http://localhost:5000]
[2024-12-05T10:35:44.772Z INFO: 
 Server running on http://localhost:5000]
[2024-12-05T10:35:46.603Z INFO: 
 Server running on http://localhost:5000]
[2024-12-05T10:36:05.033Z INFO: Request Headers:]
[2024-12-05T10:36:05.034Z INFO: Request Body:]
[2024-12-05T10:36:05.048Z INFO: ::1 - - [05/Dec/2024:10:36:05 +0000] "POST /api/v1/users/register HTTP/1.1" 500 356 "-" "PostmanRuntime/7.43.0"]
[2024-12-05T10:37:22.303Z INFO: 
 Server running on http://localhost:5000]
[2024-12-05T10:37:24.072Z INFO: 
 Server running on http://localhost:5000]
[2024-12-05T10:37:26.082Z INFO: 
 Server running on http://localhost:5000]
[2024-12-05T10:37:47.161Z INFO: Request Headers:]
[2024-12-05T10:37:47.161Z INFO: Request Body:]
[2024-12-05T10:37:47.185Z INFO: Existing User Check:]
[2024-12-05T10:37:47.189Z INFO: ::1 - - [05/Dec/2024:10:37:47 +0000] "POST /api/v1/users/register HTTP/1.1" 500 356 "-" "PostmanRuntime/7.43.0"]
[2024-12-05T10:38:28.528Z INFO: 
 Server running on http://localhost:5000]
[2024-12-05T10:38:29.975Z INFO: 
 Server running on http://localhost:5000]
[2024-12-05T10:38:32.878Z INFO: 
 Server running on http://localhost:5000]
[2024-12-05T10:38:33.670Z INFO: 
 Server running on http://localhost:5000]
[2024-12-05T10:39:45.697Z INFO: Request Headers:]
[2024-12-05T10:39:45.698Z INFO: Request Body:]
[2024-12-05T10:39:45.734Z INFO: Existing User Check:]
[2024-12-05T10:39:45.737Z INFO: ::1 - - [05/Dec/2024:10:39:45 +0000] "POST /api/v1/users/register HTTP/1.1" 500 356 "-" "PostmanRuntime/7.43.0"]
[2024-12-05T10:40:48.446Z INFO: 
 Server running on http://localhost:5000]
[2024-12-05T10:40:53.568Z INFO: 
 Server running on http://localhost:5000]
[2024-12-05T10:40:56.913Z INFO: 
 Server running on http://localhost:5000]
[2024-12-05T10:40:57.948Z INFO: 
 Server running on http://localhost:5000]
[2024-12-05T10:40:59.827Z INFO: 
 Server running on http://localhost:5000]
[2024-12-05T10:41:01.174Z INFO: 
 Server running on http://localhost:5000]
[2024-12-05T10:41:03.320Z INFO: 
 Server running on http://localhost:5000]
[2024-12-05T10:41:09.847Z INFO: 
 Server running on http://localhost:5000]
[2024-12-05T10:41:14.654Z INFO: 
 Server running on http://localhost:5000]
[2024-12-05T10:41:17.490Z INFO: 
 Server running on http://localhost:5000]
[2024-12-05T10:41:20.249Z INFO: 
 Server running on http://localhost:5000]
[2024-12-05T10:41:22.506Z INFO: 
 Server running on http://localhost:5000]
[2024-12-05T10:41:23.968Z INFO: 
 Server running on http://localhost:5000]
[2024-12-05T10:41:27.825Z INFO: 
 Server running on http://localhost:5000]
[2024-12-05T10:41:30.043Z INFO: 
 Server running on http://localhost:5000]
[2024-12-05T10:42:05.502Z INFO: 
 Server running on http://localhost:5000]
[2024-12-05T10:42:06.661Z INFO: 
 Server running on http://localhost:5000]
[2024-12-05T10:42:46.151Z INFO: 
 Server running on http://localhost:5000]
[2024-12-05T10:45:23.773Z INFO: 
 Server running on http://localhost:5000]
[2024-12-05T10:45:31.301Z INFO: 
 Server running on http://localhost:5000]
[2024-12-05T10:46:16.172Z INFO: 
 Server running on http://localhost:5000]
[2024-12-05T10:47:27.707Z INFO: 
 Server running on http://localhost:5000]
[2024-12-05T10:49:21.045Z INFO: Request Headers:]
[2024-12-05T10:49:21.046Z INFO: Request Body:]
[2024-12-05T10:49:21.063Z INFO: Existing User Check:]
[2024-12-05T10:49:21.064Z ERROR: Conflict: User already exists with this email or name.]
[2024-12-05T10:49:21.094Z INFO: ::1 - - [05/Dec/2024:10:49:21 +0000] "POST /api/v1/users/register HTTP/1.1" 500 356 "-" "PostmanRuntime/7.43.0"]
[2024-12-05T11:15:12.892Z INFO: 
 Server running on http://localhost:5000]
[2024-12-05T11:15:16.295Z INFO: 
 Server running on http://localhost:5000]
[2024-12-05T11:15:24.271Z INFO: 
 Server running on http://localhost:5000]
[2024-12-05T11:15:27.467Z INFO: 
 Server running on http://localhost:5000]
[2024-12-05T11:15:54.077Z INFO: 
 Server running on http://localhost:5000]
[2024-12-05T11:16:04.271Z ERROR: Database connection is failed: Cannot create property 'Symbol(level)' on string '
 Database connect successfully!!']
[2024-12-05T11:16:11.699Z ERROR: Database connection is failed: logger.ingp is not a function]
[2024-12-05T11:16:15.495Z INFO: 
 Database connect successfully!!]
[2024-12-05T11:16:15.500Z INFO: 
 Server running on http://localhost:5000]
[2024-12-05T11:16:16.811Z INFO: 
 Database connect successfully!!]
[2024-12-05T11:16:16.817Z INFO: 
 Server running on http://localhost:5000]
[2024-12-05T11:16:32.934Z INFO: Database connect successfully!!]
[2024-12-05T11:16:32.940Z INFO: 
 Server running on http://localhost:5000]
[2024-12-05T11:16:49.591Z INFO: Database connect successfully!!]
[2024-12-05T11:16:49.598Z INFO: Server running on http://localhost:5000]
[2024-12-05T11:18:00.216Z INFO: Database connect successfully!!]
[2024-12-05T11:18:00.223Z INFO: Server running on http://localhost:5000]
[2024-12-05T11:18:05.547Z INFO: Database connect successfully!!]
[2024-12-05T11:18:05.552Z INFO: Server running on http://localhost:5000]
[2024-12-05T11:18:13.761Z INFO: Database connect successfully!!]
[2024-12-05T11:18:13.765Z INFO: Server running on http://localhost:5000]
[2024-12-05T11:18:27.660Z INFO: Database connect successfully!!]
[2024-12-05T11:18:27.665Z INFO: Server running on http://localhost:5000]
[2024-12-05T11:18:46.551Z INFO: Database connect successfully!!]
[2024-12-05T11:18:46.559Z INFO: Server running on http://localhost:5000]
[2024-12-05T11:18:48.406Z INFO: Database connect successfully!!]
[2024-12-05T11:18:48.412Z INFO: Server running on http://localhost:5000]
[2024-12-05T11:18:50.559Z INFO: Database connect successfully!!]
[2024-12-05T11:18:50.564Z INFO: Server running on http://localhost:5000]
[2024-12-05T11:19:39.841Z INFO: Database connect successfully!!]
[2024-12-05T11:19:39.847Z INFO: Server running on http://localhost:5000]
[2024-12-05T11:19:47.886Z INFO: Database connect successfully!!]
[2024-12-05T11:19:47.890Z INFO: Server running on http://localhost:5000]
[2024-12-05T11:19:57.340Z INFO: Database connect successfully!!]
[2024-12-05T11:19:57.345Z INFO: Server running on http://localhost:5000]
[2024-12-05T11:20:03.685Z INFO: Database connect successfully!!]
[2024-12-05T11:20:03.690Z INFO: Server running on http://localhost:5000]
[2024-12-05T11:21:43.310Z INFO: Database connect successfully!!]
[2024-12-05T11:21:43.316Z INFO: Server running on http://localhost:5000]
[2024-12-05T11:21:50.562Z INFO: Database connect successfully!!]
[2024-12-05T11:21:50.569Z INFO: Server running on http://localhost:5000]
[2024-12-05T11:22:12.971Z INFO: Database connect successfully!!]
[2024-12-05T11:22:12.975Z INFO: Server running on http://localhost:5000]
[2024-12-05T11:22:18.723Z INFO: ::1 - - [05/Dec/2024:11:22:18 +0000] "GET / HTTP/1.1" 404 139 "-" "Mozilla/5.0 (Windows NT 10.0; Win64; x64) AppleWebKit/537.36 (KHTML, like Gecko) Chrome/131.0.0.0 Safari/537.36"]
[2024-12-05T11:22:46.026Z INFO: ::1 - - [05/Dec/2024:11:22:46 +0000] "GET / HTTP/1.1" 404 139 "-" "Mozilla/5.0 (Windows NT 10.0; Win64; x64) AppleWebKit/537.36 (KHTML, like Gecko) Chrome/131.0.0.0 Safari/537.36"]
[2024-12-05T11:27:20.031Z INFO: Database connect successfully!!]
[2024-12-05T11:27:20.035Z INFO: Server running on http://localhost:5000]
[2024-12-05T11:27:22.963Z INFO: Database connect successfully!!]
[2024-12-05T11:27:22.967Z INFO: Server running on http://localhost:5000]
[2024-12-05T11:27:30.859Z INFO: ::1 - - [05/Dec/2024:11:27:30 +0000] "GET / HTTP/1.1" 200 19 "-" "Mozilla/5.0 (Windows NT 10.0; Win64; x64) AppleWebKit/537.36 (KHTML, like Gecko) Chrome/131.0.0.0 Safari/537.36"]
[2024-12-05T11:27:31.252Z INFO: ::1 - - [05/Dec/2024:11:27:31 +0000] "GET /favicon.ico HTTP/1.1" 404 150 "http://localhost:5000/" "Mozilla/5.0 (Windows NT 10.0; Win64; x64) AppleWebKit/537.36 (KHTML, like Gecko) Chrome/131.0.0.0 Safari/537.36"]
[2024-12-05T11:27:43.030Z INFO: ::1 - - [05/Dec/2024:11:27:43 +0000] "GET / HTTP/1.1" 304 - "-" "Mozilla/5.0 (Windows NT 10.0; Win64; x64) AppleWebKit/537.36 (KHTML, like Gecko) Chrome/131.0.0.0 Safari/537.36"]
[2024-12-05T11:27:48.140Z INFO: ::1 - - [05/Dec/2024:11:27:48 +0000] "GET / HTTP/1.1" 304 - "-" "Mozilla/5.0 (Windows NT 10.0; Win64; x64) AppleWebKit/537.36 (KHTML, like Gecko) Chrome/131.0.0.0 Safari/537.36"]
[2024-12-05T11:29:18.108Z INFO: Request Headers:]
[2024-12-05T11:29:18.110Z INFO: Request Body:]
[2024-12-05T11:29:18.199Z INFO: Existing User Check:]
[2024-12-05T11:29:18.200Z ERROR: Conflict: User already exists with this email or name.]
[2024-12-05T11:29:18.204Z INFO: ::1 - - [05/Dec/2024:11:29:18 +0000] "POST /api/v1/users/register HTTP/1.1" 500 356 "-" "PostmanRuntime/7.43.0"]
[2024-12-05T11:31:44.645Z INFO: Database connect successfully!!]
[2024-12-05T11:31:44.650Z INFO: Server running on http://localhost:5000]
[2024-12-05T11:32:15.172Z INFO: Request Headers:]
[2024-12-05T11:32:15.173Z INFO: Request Body:]
[2024-12-05T11:32:15.190Z INFO: Existing User Check:]
[2024-12-05T11:32:15.191Z ERROR: Conflict: User already exists with this email or name.]
[2024-12-05T11:32:15.198Z INFO: ::1 - - [05/Dec/2024:11:32:15 +0000] "POST /api/v1/users/register HTTP/1.1" 500 356 "-" "PostmanRuntime/7.43.0"]
[2024-12-05T11:35:18.066Z INFO: Request Headers:]
[2024-12-05T11:35:18.068Z INFO: Request Body:]
[2024-12-05T11:35:18.080Z ERROR: Validation error: ]
[2024-12-05T11:35:18.083Z INFO: ::1 - - [05/Dec/2024:11:35:18 +0000] "POST /api/v1/users/register HTTP/1.1" 500 356 "-" "PostmanRuntime/7.43.0"]
[2024-12-05T11:37:21.335Z INFO: Database connect successfully!!]
[2024-12-05T11:37:21.340Z INFO: Server running on http://localhost:5000]
[2024-12-05T11:37:22.696Z INFO: Database connect successfully!!]
[2024-12-05T11:37:22.700Z INFO: Server running on http://localhost:5000]
[2024-12-05T11:37:24.635Z INFO: Database connect successfully!!]
[2024-12-05T11:37:24.644Z INFO: Server running on http://localhost:5000]
[2024-12-05T11:37:28.038Z INFO: Request Headers:]
[2024-12-05T11:37:28.039Z INFO: Request Body:]
[2024-12-05T11:37:28.048Z ERROR: Validation error: ]
[2024-12-05T11:37:28.054Z INFO: ::1 - - [05/Dec/2024:11:37:28 +0000] "POST /api/v1/users/register HTTP/1.1" 500 356 "-" "PostmanRuntime/7.43.0"]
[2024-12-05T11:38:08.143Z INFO: Database connect successfully!!]
[2024-12-05T11:38:08.152Z INFO: Server running on http://localhost:5000]
[2024-12-05T11:38:13.083Z INFO: Database connect successfully!!]
[2024-12-05T11:38:13.088Z INFO: Server running on http://localhost:5000]
[2024-12-05T11:38:33.343Z INFO: Database connect successfully!!]
[2024-12-05T11:38:33.349Z INFO: Server running on http://localhost:5000]
[2024-12-05T11:38:35.065Z INFO: Database connect successfully!!]
[2024-12-05T11:38:35.071Z INFO: Server running on http://localhost:5000]
[2024-12-05T11:38:41.112Z INFO: Database connect successfully!!]
[2024-12-05T11:38:41.118Z INFO: Server running on http://localhost:5000]
[2024-12-05T11:38:44.039Z INFO: Database connect successfully!!]
[2024-12-05T11:38:44.045Z INFO: Server running on http://localhost:5000]
[2024-12-05T11:38:46.457Z INFO: Request Headers:]
[2024-12-05T11:38:46.458Z INFO: Request Body:]
[2024-12-05T11:38:46.479Z INFO: Existing User Check:]
[2024-12-05T11:38:46.493Z INFO: ::1 - - [05/Dec/2024:11:38:46 +0000] "POST /api/v1/users/register HTTP/1.1" 500 738 "-" "PostmanRuntime/7.43.0"]
[2024-12-05T11:39:13.645Z INFO: Request Headers:]
[2024-12-05T11:39:13.647Z INFO: Request Body:]
[2024-12-05T11:39:13.673Z INFO: Existing User Check:]
[2024-12-05T11:39:13.929Z INFO: User Created Successfully:]
[2024-12-05T11:39:13.977Z INFO: ::1 - - [05/Dec/2024:11:39:13 +0000] "POST /api/v1/users/register HTTP/1.1" 201 309 "-" "PostmanRuntime/7.43.0"]
[2024-12-05T11:40:20.390Z INFO: Database connect successfully!!]
[2024-12-05T11:40:20.395Z INFO: Server running on http://localhost:5000]
[2024-12-05T11:40:28.095Z INFO: Database connect successfully!!]
[2024-12-05T11:40:28.100Z INFO: Server running on http://localhost:5000]
[2024-12-05T11:40:33.441Z INFO: Database connect successfully!!]
[2024-12-05T11:40:33.446Z INFO: Server running on http://localhost:5000]
[2024-12-05T11:41:07.139Z INFO: ::1 - - [05/Dec/2024:11:41:07 +0000] "POST /api/v1/users/register HTTP/1.1" 201 313 "-" "PostmanRuntime/7.43.0"]
