[2024-12-05T09:53:09.550Z ERROR: request from body: ]
[2024-12-05T09:54:12.976Z ERROR: request from body: ]
[2024-12-05T09:59:55.856Z ERROR: request from body: ]
[2024-12-05T10:02:08.567Z ERROR: request from body: ]
[2024-12-05T10:02:33.977Z ERROR: request from body: ]
[2024-12-05T10:04:44.932Z ERROR: request from body: ]
[2024-12-05T10:49:21.064Z ERROR: Conflict: User already exists with this email or name.]
[2024-12-05T11:16:04.271Z ERROR: Database connection is failed: Cannot create property 'Symbol(level)' on string '
 Database connect successfully!!']
[2024-12-05T11:16:11.699Z ERROR: Database connection is failed: logger.ingp is not a function]
[2024-12-05T11:29:18.200Z ERROR: Conflict: User already exists with this email or name.]
[2024-12-05T11:32:15.191Z ERROR: Conflict: User already exists with this email or name.]
[2024-12-05T11:35:18.080Z ERROR: Validation error: ]
[2024-12-05T11:37:28.048Z ERROR: Validation error: ]
[2024-12-06 11:18:07 AM ERROR: User Details: ]
[2024-12-06 16:57:54 PM ERROR: Database connection is failed !!  typeDefs is not defined]
[2024-12-06 16:57:56 PM ERROR: Database connection is failed !!  typeDefs is not defined]
[2024-12-06 16:58:17 PM ERROR: Database connection is failed !!  typeDefs is not defined]
[2024-12-06 16:58:20 PM ERROR: Database connection is failed !!  typeDefs is not defined]
[2024-12-06 16:58:21 PM ERROR: Database connection is failed !!  typeDefs is not defined]
[2024-12-06 16:58:25 PM ERROR: Database connection is failed !!  typeDefs is not defined]
[2024-12-06 16:59:16 PM ERROR: Database connection is failed !!  typeDefs is not defined]
[2024-12-06 17:00:05 PM ERROR: Database connection is failed !!  typeDefs is not defined]
[2024-12-06 17:01:02 PM ERROR: Database connection is failed !!  typeDefs is not defined]
